<?xml version="1.0" encoding="UTF-8"?>
<!-- Generated by org.testng.reporters.JUnitXMLReporter -->
<testsuite ignored="0" hostname="LAPTOP-GONBA3NI" failures="1" tests="1" name="Default test" time="37.739" errors="0" timestamp="2022-09-05T12:56:53 IST">
  <testcase classname="io.cucumber.testng.AbstractTestNGCucumberTests" name="runScenario" time="27.513">
    <failure type="java.lang.AssertionError" message="expected [No data] but found [Beetroot]">
      <![CDATA[java.lang.AssertionError: expected [No data] but found [Beetroot]
at org.testng.Assert.fail(Assert.java:110)
at org.testng.Assert.failNotEquals(Assert.java:1413)
at org.testng.Assert.assertEqualsImpl(Assert.java:149)
at org.testng.Assert.assertEquals(Assert.java:131)
at org.testng.Assert.assertEquals(Assert.java:655)
at org.testng.Assert.assertEquals(Assert.java:665)
at stepDefinitions.OfferPageStepDefinition.user_searched_for_same_shortname_in_offers_page_to_check_if_product_exist(OfferPageStepDefinition.java:40)
at ✽.user searched for Beet shortname in offers page to check if product exist with same name(file:///C:/Users/DRUVI%20TENDULKAR/eclipse-workspace/CucumberFramework/src/test/java/features/searchPoduct.feature:51)
]]>
    </failure>
  </testcase> <!-- runScenario -->
</testsuite> <!-- Default test -->
